<?xml version="1.0" encoding="UTF-8"?>
<!-- Generated by org.testng.reporters.JUnitXMLReporter -->
<testsuite ignored="0" hostname="Lakhan" failures="0" tests="3" name="Default test" time="17.965" errors="0" timestamp="2022-11-15T12:34:25 IST">
  <testcase classname="UpstoxLoginTestNgWithproperyfiles.UpstoxTestClassTestng" name="login" time="7.252"/>
  <testcase classname="UpstoxLoginTestNgWithproperyfiles.UpstoxTestClassTestng" name="verifyusertng" time="0.936"/>
  <testcase classname="UpstoxLoginTestNgWithproperyfiles.UpstoxTestClassTestng" name="logout" time="5.681"/>
</testsuite> <!-- Default test -->
