<?xml version="1.0" encoding="UTF-8"?>
<testng-results ignored="0" total="1" passed="1" failed="0" skipped="0">
  <reporter-output>
  </reporter-output>
  <suite started-at="2022-11-29T13:02:56 IST" name="Default suite" finished-at="2022-11-29T13:04:32 IST" duration-ms="95530">
    <groups>
    </groups>
    <test started-at="2022-11-29T13:02:56 IST" name="Default test" finished-at="2022-11-29T13:04:32 IST" duration-ms="95530">
      <class name="Mailextractotp.TLCTestNglass">
        <test-method is-config="true" signature="openBrowser()[pri:0, instance:Mailextractotp.TLCTestNglass@130161f7]" started-at="2022-11-29T13:02:56 IST" name="openBrowser" finished-at="2022-11-29T13:03:03 IST" duration-ms="6588" status="PASS">
          <reporter-output>
          </reporter-output>
        </test-method> <!-- openBrowser -->
        <test-method signature="tlcLogin()[pri:0, instance:Mailextractotp.TLCTestNglass@130161f7]" started-at="2022-11-29T13:03:03 IST" name="tlcLogin" finished-at="2022-11-29T13:04:32 IST" duration-ms="88900" status="PASS">
          <reporter-output>
          </reporter-output>
        </test-method> <!-- tlcLogin -->
      </class> <!-- Mailextractotp.TLCTestNglass -->
    </test> <!-- Default test -->
  </suite> <!-- Default suite -->
</testng-results>
